brmodel: llbp, workload: traces  trace: ./traces/renaissance-finagle-http.champsim.trace.gz, output: 
TAGE Config: nhist=36 minhist=6 maxhist=3000 LogG=10 LogB=13 Tbits=8 nbanklow=10 nbankhigh=20 born=13 assoc_start=9 assoc_end=23
LogG:10, TBITS:8, UWIDTH:1, CWIDTH:3, ALTWIDTH:5, LogB:13, Hyst:2
 (TAGE 463917)  (TOTAL 463917 bits 453 Kbits) 8x1024 8x1024 8x1024 8x1024 8x1024 8x1024 12x1024 12x1024 12x1024 12x1024 12x1024 12x1024 12x1024 12x1024 12x1024 12x1024 12x1024 12x1024 12x1024 12x1024 12x1024 
6 12 26 26 37 37 54 54 78 78 112 112 161 161 232 232 335 482 695 1444 3000 
TAGE: N:21504 -> SIZE:340992,333K
BASE: Dir:8192, Hyst:2048 -> SIZE: 10240, 10K
nhist= 36; MInhist= 6; MAXHIST= 3000; STORAGESIZE= 351232, 343KB; NBENTRY= 21504
SCL Config: useSC=1, useLoop=1
 (LOOP 1248)  (SC 58190) 

RCR: context hash config: [T:3, W:8, D:8, S:2, CTWidth:20]
LLBP branch predictor configs -------
LLBP Config: NumPatterns=8, NumContexts=8192, ctxAssoc=2, ptrnAssoc=2, CtrWidth=4, ReplCtrWidth=17, CtxReplCtrWidth=26, pbSize=256, TTWidth=20, CTWidth=20, simMispFlush=0, accessDelay=7
 CD: Max size: 8192, Assoc: 2, Sets: 4096
PS: Max size: 8, Assoc: 2, Sets: 4
PB: Max size: 256, Assoc: 2, Sets: 128
Starting simulation...
-----------------------------------------------
       Warmup complete after 50000 instr 
-----------------------------------------------
  TRACE 	 : ./traces/renaissance-finagle-http.champsim.trace.gz
  TOTAL -------------------------------------
  NUM_INSTRUCTIONS    :     250006
  NUM_BR              :      58507 (0.2340)
  NUM_UNCOND_BR       :      25711 (0.4395)
  NUM_CONDITIONAL_BR  :      32795 (0.5605)
  NUM_TAKEN_BR        :      14721 (0.2516)
  NUM_MISPREDICTIONS  :       1593
  Cond Ratio          : 0.027228
  Cond MPKI           :     6.3718
  REGION OF INTEREST --------------------------
  ROI INSTRUCTIONS   :     199993
  ROI MISPREDICTIONS :       1187
  ROI MPKI           :     5.9352

AllBr:58506, CondBr:26692, TakenBr:31150, Ticks:41697
Bi : 19431(0.72797) | BiW : 880(0.04529) | BiC : 18551(0.95471)
TG : 7003(0.26236) | TGW : 247(0.03527) | TGC: 6756(0.96473) 
ATG: 258(0.00967) | ATW : 68(0.26357) | ATC: 190(0.73643)
Prov: T:[AS:4755 AC:31, BS:4824 AC:123], A:[TS:211 TC:23, BS:172 BC:35], B:[TS:3031 TC:43, AS:0 AC:0]
MPKI:: BASE:15.7206, TAGE:5.9752 Red:1949 (61.9911) Instr:199993
P0: 19431, 0.72797 | C: 18551, 0.69500 | W: 880, 0.03297 | Alloc:0 | Allias: p:304,n:3
P2: 1378, 0.05163 | C: 1284, 0.04810 | W: 94, 0.00352 | Alloc:1146 | Allias: p:3,n:1
P6: 4045, 0.15154 | C: 3958, 0.14828 | W: 87, 0.00326 | Alloc:1592 | Allias: p:6,n:0
P9: 502, 0.01881 | C: 480, 0.01798 | W: 22, 0.00082 | Alloc:396 | Allias: p:7,n:0
P10: 670, 0.02510 | C: 636, 0.02383 | W: 34, 0.00127 | Alloc:398 | Allias: p:2,n:4
P11: 27, 0.00101 | C: 11, 0.00041 | W: 16, 0.00060 | Alloc:54 | Allias: p:0,n:1
P12: 58, 0.00217 | C: 45, 0.00169 | W: 13, 0.00049 | Alloc:54 | Allias: p:9,n:2
P13: 21, 0.00079 | C: 14, 0.00052 | W: 7, 0.00026 | Alloc:180 | Allias: p:0,n:0
P14: 137, 0.00513 | C: 124, 0.00465 | W: 13, 0.00049 | Alloc:196 | Allias: p:0,n:0
P15: 153, 0.00573 | C: 150, 0.00562 | W: 3, 0.00011 | Alloc:94 | Allias: p:0,n:0
P16: 21, 0.00079 | C: 16, 0.00060 | W: 5, 0.00019 | Alloc:70 | Allias: p:0,n:0
P17: 3, 0.00011 | C: 2, 0.00007 | W: 1, 0.00004 | Alloc:58 | Allias: p:0,n:0
P18: 20, 0.00075 | C: 17, 0.00064 | W: 3, 0.00011 | Alloc:68 | Allias: p:0,n:0
P19: 13, 0.00049 | C: 9, 0.00034 | W: 4, 0.00015 | Alloc:46 | Allias: p:0,n:0
P20: 99, 0.00371 | C: 98, 0.00367 | W: 1, 0.00004 | Alloc:30 | Allias: p:0,n:0
P21: 2, 0.00007 | C: 1, 0.00004 | W: 1, 0.00004 | Alloc:28 | Allias: p:0,n:0
P22: 5, 0.00019 | C: 3, 0.00011 | W: 2, 0.00007 | Alloc:30 | Allias: p:0,n:0
P24: 13, 0.00049 | C: 12, 0.00045 | W: 1, 0.00004 | Alloc:34 | Allias: p:0,n:0
P26: 0, 0.00000 | C: 0, 0.00000 | W: 0, 0.00000 | Alloc:24 | Allias: p:0,n:0
P28: 19, 0.00071 | C: 18, 0.00067 | W: 1, 0.00004 | Alloc:18 | Allias: p:0,n:0
P32: 53, 0.00199 | C: 51, 0.00191 | W: 2, 0.00007 | Alloc:10 | Allias: p:0,n:0
P36: 22, 0.00082 | C: 17, 0.00064 | W: 5, 0.00019 | Alloc:6 | Allias: p:0,n:0
Allocations:4532, Init:1134, AperI:4.00, TriesPerInit:2.009 | Useful: 0 | TC: 25497, TW: 1195, uReset:0
SCL:: L:[P:0(0.0000) C:0(-nan), W:0(-nan)] SC:[P:30(0.0011) C:19(0.6333), W:11(0.3667)] TAGE:[P:26662(0.9989) C:25487(0.9559), W:1175(0.0441)] 
MPKI:: TAGE:5.97521, SCL:5.93021 Red:0.75314 
LLBP branch predictor stats -------
LLBP:: CtxHit:11895(0.4456), PtrnHit:3606(0.1351)
PROVIDER::  BIM:[P:16267(0.6094), C:15469(0.9509), W:798(0.0491) MPKI:3.9901] 
PROVIDER:: TAGE:[P:7255(0.2718), C:6944(0.9571), W:311(0.0429) MPKI:1.5551], 
PROVIDER::  SCL:[P:30(0.0011), C:19(0.6333), W:11(0.3667) MPKI:0.0550], 
PROVIDER:: LLBP:[P:3140(0.1176), C:3073(0.9787), W:67(0.0213) MPKI:0.3350], 
LLBP:: CtxHit:11895, PtrnHit:3606, Provider:3140(0.8708), NoProvider:[Shorter:466(0.1292), NoPrefetch:0(0.0000)]
LLBP:: PB Prefetch:[HitInPfq:0, HitInPB:0, HitInCI:0], dropped[locked:0, misp:0, btbmiss:0]
LLBP:: PB Evict:[Clean:0(-nan) Dirty:0(-nan)]
LLBP:: LLBPHits:[NoOv:466, SameCorr:2946, SameWrong:54, GoodOv:127, BadOv:13] Alias:[P:1(0.0003),N:0(0.0000)]
LLBP:: Utilization: Patterns:[Total:65536,Alloc:1921(0.0293),Useful:12(0.0002)], Ctx:[Total:8192,Alloc:802(0.0979),Useful:10(0.0012)]
Hist Histories per context
N:802 Min:0 Max:8 Sum:1921 Avg:2.40
< 1        [0   ]	0.0%	0.0%	|
1          [0   ]	0.0%	0.0%	|
2          [644 ]	80.3%	80.3%	|****************************************
3          [62  ]	7.7%	88.0%	|****
4          [68  ]	8.5%	96.5%	|****
5          [7   ]	0.9%	97.4%	|
6          [14  ]	1.7%	99.1%	|*
7          [0   ]	0.0%	99.1%	|
8          [7   ]	0.9%	100.0%	|
9          [0   ]	0.0%	100.0%	|
10         [0   ]	0.0%	100.0%	|
11         [0   ]	0.0%	100.0%	|
12         [0   ]	0.0%	100.0%	|
13         [0   ]	0.0%	100.0%	|
14         [0   ]	0.0%	100.0%	|
15         [0   ]	0.0%	100.0%	|
16         [0   ]	0.0%	100.0%	|
> 17       [0   ]	0.0%	100.0%	|

Hist Useful histories per context
N:802 Min:0 Max:2 Sum:12 Avg:0.01
< 1        [792 ]	98.8%	98.8%	|****************************************
1          [8   ]	1.0%	99.8%	|
2          [2   ]	0.2%	100.0%	|
3          [0   ]	0.0%	100.0%	|
4          [0   ]	0.0%	100.0%	|
5          [0   ]	0.0%	100.0%	|
6          [0   ]	0.0%	100.0%	|
7          [0   ]	0.0%	100.0%	|
8          [0   ]	0.0%	100.0%	|
9          [0   ]	0.0%	100.0%	|
10         [0   ]	0.0%	100.0%	|
11         [0   ]	0.0%	100.0%	|
12         [0   ]	0.0%	100.0%	|
13         [0   ]	0.0%	100.0%	|
14         [0   ]	0.0%	100.0%	|
15         [0   ]	0.0%	100.0%	|
16         [0   ]	0.0%	100.0%	|
> 17       [0   ]	0.0%	100.0%	|

Hist primary mispredict length (incorrect)
N:311 Min:0 Max:36 Sum:2467 Avg:7.93
< 0        [0   ]	0.0%	0.0%	|
0          [0   ]	0.0%	0.0%	|
1          [0   ]	0.0%	0.0%	|
2          [93  ]	29.9%	29.9%	|****************************************
3          [0   ]	0.0%	29.9%	|
4          [0   ]	0.0%	29.9%	|
5          [0   ]	0.0%	29.9%	|
6          [86  ]	27.7%	57.6%	|*************************************
7          [0   ]	0.0%	57.6%	|
8          [0   ]	0.0%	57.6%	|
9          [22  ]	7.1%	64.6%	|*********
10         [34  ]	10.9%	75.6%	|***************
11         [16  ]	5.1%	80.7%	|*******
12         [12  ]	3.9%	84.6%	|*****
13         [7   ]	2.3%	86.8%	|***
14         [13  ]	4.2%	91.0%	|******
15         [3   ]	1.0%	92.0%	|*
16         [5   ]	1.6%	93.6%	|**
17         [1   ]	0.3%	93.9%	|
18         [3   ]	1.0%	94.9%	|*
19         [3   ]	1.0%	95.8%	|*
20         [1   ]	0.3%	96.1%	|
21         [1   ]	0.3%	96.5%	|
22         [2   ]	0.6%	97.1%	|*
23         [0   ]	0.0%	97.1%	|
24         [1   ]	0.3%	97.4%	|
25         [0   ]	0.0%	97.4%	|
26         [0   ]	0.0%	97.4%	|
27         [0   ]	0.0%	97.4%	|
28         [1   ]	0.3%	97.7%	|
29         [0   ]	0.0%	97.7%	|
30         [0   ]	0.0%	97.7%	|
31         [0   ]	0.0%	97.7%	|
32         [2   ]	0.6%	98.4%	|*
33         [0   ]	0.0%	98.4%	|
34         [0   ]	0.0%	98.4%	|
35         [0   ]	0.0%	98.4%	|
> 36       [5   ]	1.6%	100.0%	|**

Hist LLBP mispredict length (incorrect)
N:67 Min:0 Max:32 Sum:816 Avg:12.18
< 0        [0   ]	0.0%	0.0%	|
0          [0   ]	0.0%	0.0%	|
1          [0   ]	0.0%	0.0%	|
2          [1   ]	1.5%	1.5%	|***
3          [0   ]	0.0%	1.5%	|
4          [0   ]	0.0%	1.5%	|
5          [0   ]	0.0%	1.5%	|
6          [14  ]	20.9%	22.4%	|****************************************
7          [0   ]	0.0%	22.4%	|
8          [0   ]	0.0%	22.4%	|
9          [11  ]	16.4%	38.8%	|*******************************
10         [8   ]	11.9%	50.7%	|***********************
11         [0   ]	0.0%	50.7%	|
12         [1   ]	1.5%	52.2%	|***
13         [3   ]	4.5%	56.7%	|*********
14         [5   ]	7.5%	64.2%	|**************
15         [6   ]	9.0%	73.1%	|*****************
16         [6   ]	9.0%	82.1%	|*****************
17         [3   ]	4.5%	86.6%	|*********
18         [2   ]	3.0%	89.6%	|******
19         [3   ]	4.5%	94.0%	|*********
20         [1   ]	1.5%	95.5%	|***
21         [0   ]	0.0%	95.5%	|
22         [0   ]	0.0%	95.5%	|
23         [0   ]	0.0%	95.5%	|
24         [2   ]	3.0%	98.5%	|******
25         [0   ]	0.0%	98.5%	|
26         [0   ]	0.0%	98.5%	|
27         [0   ]	0.0%	98.5%	|
28         [0   ]	0.0%	98.5%	|
29         [0   ]	0.0%	98.5%	|
30         [0   ]	0.0%	98.5%	|
31         [0   ]	0.0%	98.5%	|
32         [1   ]	1.5%	100.0%	|***
33         [0   ]	0.0%	100.0%	|
34         [0   ]	0.0%	100.0%	|
35         [0   ]	0.0%	100.0%	|
> 36       [0   ]	0.0%	100.0%	|

Hist primary provider length
N:7255 Min:0 Max:36 Sum:50130 Avg:6.91
< 0        [0   ]	0.0%	0.0%	|
0          [0   ]	0.0%	0.0%	|
1          [0   ]	0.0%	0.0%	|
2          [1376]	19.0%	19.0%	|**************
3          [0   ]	0.0%	19.0%	|
4          [0   ]	0.0%	19.0%	|
5          [0   ]	0.0%	19.0%	|
6          [4044]	55.7%	74.7%	|****************************************
7          [0   ]	0.0%	74.7%	|
8          [0   ]	0.0%	74.7%	|
9          [502 ]	6.9%	81.6%	|*****
10         [669 ]	9.2%	90.8%	|*******
11         [27  ]	0.4%	91.2%	|
12         [57  ]	0.8%	92.0%	|*
13         [21  ]	0.3%	92.3%	|
14         [137 ]	1.9%	94.2%	|*
15         [153 ]	2.1%	96.3%	|**
16         [21  ]	0.3%	96.6%	|
17         [3   ]	0.0%	96.6%	|
18         [20  ]	0.3%	96.9%	|
19         [12  ]	0.2%	97.1%	|
20         [99  ]	1.4%	98.4%	|*
21         [2   ]	0.0%	98.5%	|
22         [5   ]	0.1%	98.5%	|
23         [0   ]	0.0%	98.5%	|
24         [13  ]	0.2%	98.7%	|
25         [0   ]	0.0%	98.7%	|
26         [0   ]	0.0%	98.7%	|
27         [0   ]	0.0%	98.7%	|
28         [19  ]	0.3%	99.0%	|
29         [0   ]	0.0%	99.0%	|
30         [0   ]	0.0%	99.0%	|
31         [0   ]	0.0%	99.0%	|
32         [53  ]	0.7%	99.7%	|*
33         [0   ]	0.0%	99.7%	|
34         [0   ]	0.0%	99.7%	|
35         [0   ]	0.0%	99.7%	|
> 36       [22  ]	0.3%	100.0%	|

Hist LLBP provider length
N:3140 Min:0 Max:32 Sum:29081 Avg:9.26
< 0        [0   ]	0.0%	0.0%	|
0          [0   ]	0.0%	0.0%	|
1          [0   ]	0.0%	0.0%	|
2          [5   ]	0.2%	0.2%	|
3          [0   ]	0.0%	0.2%	|
4          [0   ]	0.0%	0.2%	|
5          [0   ]	0.0%	0.2%	|
6          [1708]	54.4%	54.6%	|****************************************
7          [0   ]	0.0%	54.6%	|
8          [0   ]	0.0%	54.6%	|
9          [389 ]	12.4%	66.9%	|*********
10         [331 ]	10.5%	77.5%	|********
11         [3   ]	0.1%	77.6%	|
12         [1   ]	0.0%	77.6%	|
13         [128 ]	4.1%	81.7%	|***
14         [224 ]	7.1%	88.8%	|*****
15         [28  ]	0.9%	89.7%	|*
16         [39  ]	1.2%	91.0%	|*
17         [16  ]	0.5%	91.5%	|
18         [42  ]	1.3%	92.8%	|*
19         [39  ]	1.2%	94.0%	|*
20         [18  ]	0.6%	94.6%	|
21         [10  ]	0.3%	94.9%	|
22         [32  ]	1.0%	96.0%	|*
23         [0   ]	0.0%	96.0%	|
24         [115 ]	3.7%	99.6%	|***
25         [0   ]	0.0%	99.6%	|
26         [10  ]	0.3%	99.9%	|
27         [0   ]	0.0%	99.9%	|
28         [1   ]	0.0%	100.0%	|
29         [0   ]	0.0%	100.0%	|
30         [0   ]	0.0%	100.0%	|
31         [0   ]	0.0%	100.0%	|
32         [1   ]	0.0%	100.0%	|
33         [0   ]	0.0%	100.0%	|
34         [0   ]	0.0%	100.0%	|
35         [0   ]	0.0%	100.0%	|
> 36       [0   ]	0.0%	100.0%	|

BRANCH_DIRECT_JUMP_BTB_MISS 380064951
BRANCH_DIRECT_JUMP_BTB_MPKI 472937302092.8883
BRANCH_INDIRECT_BTB_MISS 1601825584
BRANCH_INDIRECT_BTB_MPKI 703677129931.1476
BRANCH_CONDITIONAL_BTB_MISS 1601825600
BRANCH_CONDITIONAL_BTB_MPKI 703677129931.2275
BRANCH_DIRECT_CALL_BTB_MISS 379771479
BRANCH_DIRECT_CALL_BTB_MPKI 472937300625.4769
BRANCH_INDIRECT_CALL_BTB_MISS -1277260928
BRANCH_INDIRECT_CALL_BTB_MPKI 698444166080.2128
BRANCH_RETURN_BTB_MISS 1601825912
BRANCH_RETURN_BTB_MPKI 703677129932.7876
TOTAL_BTB_MISS -6914698
TOTAL_BTB_MPKI -34574.700

